<?xml version="1.0" encoding="UTF-8"?>
<testsuite xmlns:xsi="http://www.w3.org/2001/XMLSchema-instance" xsi:noNamespaceSchemaLocation="https://maven.apache.org/surefire/maven-surefire-plugin/xsd/surefire-test-report-3.0.xsd" version="3.0" name="TestSuite" time="21.088" tests="1" errors="0" skipped="0" failures="0">
  <properties>
[...]
</properties>
  <testcase name="FillForm_ErrorValidation" classname="org.rahulshettyacademy.eCommerce_tc_cloud" time="10.715">
    <system-out><![CDATA[127.0.0.1
/users/rahulshetty/Library/Android/sdk:/Library/Java/JavaVirtualMachines/jdk-17.jdk/Contents/Home/bin:/usr/local/Cellar/node/20.8.0/bin:/Library/Frameworks/Python.framework/Versions/3.12/bin:/Library/Frameworks/Python.framework/Versions/3.8/bin:/usr/local/bin:/System/Cryptexes/App/usr/bin:/usr/bin:/bin:/usr/sbin:/sbin:/var/run/com.apple.security.cryptexd/codex.system/bootstrap/usr/local/bin:/var/run/com.apple.security.cryptexd/codex.system/bootstrap/usr/bin:/var/run/com.apple.security.cryptexd/codex.system/bootstrap/usr/appleinternal/bin:/Library/Apple/usr/bin:/usr/local/share/dotnet:~/.dotnet/tools:/Library/Frameworks/Mono.framework/Versions/Current/Commands:/usr/local/git/bin:/users/rahulshetty/Library/Android/sdk/platform-tools:/users/rahulshetty/Library/Android/sdk/tools:/users/rahulshetty/Library/Android/sdk/tools/bin:/users/rahulshetty/Library/Android/sdk/emulator:/usr/local/bin:/usr/local/git/bin:/usr/local/bin::/users/rahulshetty/Library/Android/sdk/platform-tools:/users/rahulshetty/Library/Android/sdk/tools:/users/rahulshetty/Library/Android/sdk/tools/bin:/users/rahulshetty/Library/Android/sdk/emulator
&amp#27;[35m[Appium]&amp#27;[39m Welcome to Appium v2.5.4
&amp#27;[35m[Appium]&amp#27;[39m Non-default server args:
&amp#27;[35m[Appium]&amp#27;[39m { address: &amp#27;[32m'127.0.0.1'&amp#27;[39m }
&amp#27;[35m[Appium]&amp#27;[39m The autodetected Appium home path: /Users/rahulshetty/workingcode
&amp#27;[35m[Appium]&amp#27;[39m Attempting to load driver uiautomator2...
&amp#27;[35m[Appium]&amp#27;[39m Requiring driver at /Users/rahulshetty/workingcode/node_modules/appium-uiautomator2-driver/build/index.js
&amp#27;[35m[Appium]&amp#27;[39m AndroidUiautomator2Driver has been successfully loaded in 0.491s
&amp#27;[35m[Appium]&amp#27;[39m Appium REST http interface listener started on http://127.0.0.1:4723
&amp#27;[35m[Appium]&amp#27;[39m Available drivers:
&amp#27;[35m[Appium]&amp#27;[39m   - uiautomator2@2.45.0 (automationName 'UiAutomator2')
&amp#27;[35m[Appium]&amp#27;[39m No plugins have been installed. Use the "appium plugin" command to install the one(s) you want to use.
&amp#27;[38;5;0m[HTTP]&amp#27;[0m &amp#27;[37m-->&amp#27;[39m &amp#27;[37mGET&amp#27;[39m &amp#27;[37m/status&amp#27;[39m
&amp#27;[38;5;0m[HTTP]&amp#27;[0m &amp#27;[90m{}&amp#27;[39m
&amp#27;[38;5;16m[AppiumDriver@450d]&amp#27;[0m Calling AppiumDriver.getStatus() with args: []
&amp#27;[38;5;16m[AppiumDriver@450d]&amp#27;[0m Responding to client with driver.getStatus() result: {"ready":true,"message":"The server is ready to accept new connections","build":{"version":"2.5.4"}}
&amp#27;[38;5;0m[HTTP]&amp#27;[0m &amp#27;[37m<-- GET /status &amp#27;[39m&amp#27;[32m200&amp#27;[39m &amp#27;[90m7 ms - 110&amp#27;[39m
&amp#27;[38;5;0m[HTTP]&amp#27;[0m &amp#27;[90m&amp#27;[39m
&amp#27;[38;5;0m[HTTP]&amp#27;[0m Request idempotency key: 7dd0aa17-917d-44e2-bc49-58df400c2ead
&amp#27;[38;5;0m[HTTP]&amp#27;[0m &amp#27;[37m-->&amp#27;[39m &amp#27;[37mPOST&amp#27;[39m &amp#27;[37m/session&amp#27;[39m
&amp#27;[38;5;0m[HTTP]&amp#27;[0m &amp#27;[90m{"capabilities":{"firstMatch":[{}],"alwaysMatch":{"appium:automationName":"UIAutomator2","appium:chromedriverExecutable":"//Users//rahulshetty//documents//chromedriver 11","appium:app":"/Users/rahulshetty/workingcode/AppiumFrameworkCloud//src//test//java//org//rahulshettyacademy//resources//GS.apk","platformName":"ANDROID"}}}&amp#27;[39m
&amp#27;[38;5;16m[AppiumDriver@450d]&amp#27;[0m Calling AppiumDriver.createSession() with args: [null,null,{"firstMatch":[{}],"alwaysMatch":{"appium:automationName":"UIAutomator2","appium:chromedriverExecutable":"//Users//rahulshetty//documents//chromedriver 11","appium:app":"/Users/rahulshetty/workingcode/AppiumFrameworkCloud//src//test//java//org//rahulshettyacademy//resources//GS.apk","platformName":"ANDROID"}}]
&amp#27;[38;5;16m[AppiumDriver@450d]&amp#27;[0m Event 'newSessionRequested' logged at 1715267831848 (11:17:11 GMT-0400 (Eastern Daylight Time))
&amp#27;[35m[Appium]&amp#27;[39m Attempting to find matching driver for automationName 'UIAutomator2' and platformName 'ANDROID'
&amp#27;[35m[Appium]&amp#27;[39m The 'uiautomator2' driver was installed and matched caps.
&amp#27;[35m[Appium]&amp#27;[39m Will require it at /Users/rahulshetty/workingcode/node_modules/appium-uiautomator2-driver
&amp#27;[35m[Appium]&amp#27;[39m Requiring driver at /Users/rahulshetty/workingcode/node_modules/appium-uiautomator2-driver/build/index.js
&amp#27;[38;5;16m[AppiumDriver@450d]&amp#27;[0m Appium v2.5.4 creating new AndroidUiautomator2Driver (v2.45.0) session
&amp#27;[38;5;16m[AppiumDriver@450d]&amp#27;[0m Checking BaseDriver versions for Appium and AndroidUiautomator2Driver
&amp#27;[38;5;16m[AppiumDriver@450d]&amp#27;[0m Appium's BaseDriver version is 9.6.0
&amp#27;[38;5;16m[AppiumDriver@450d]&amp#27;[0m AndroidUiautomator2Driver's BaseDriver version is 9.5.1
&amp#27;[38;5;32m[AndroidUiautomator2Driver@e5dc]&amp#27;[0m Creating session with W3C capabilities: {
&amp#27;[38;5;32m[AndroidUiautomator2Driver@e5dc]&amp#27;[0m   "alwaysMatch": {
&amp#27;[38;5;32m[AndroidUiautomator2Driver@e5dc]&amp#27;[0m     "platformName": "ANDROID",
&amp#27;[38;5;32m[AndroidUiautomator2Driver@e5dc]&amp#27;[0m     "appium:automationName": "UIAutomator2",
&amp#27;[38;5;32m[AndroidUiautomator2Driver@e5dc]&amp#27;[0m     "appium:chromedriverExecutable": "//Users//rahulshetty//documents//chromedriver 11",
&amp#27;[38;5;32m[AndroidUiautomator2Driver@e5dc]&amp#27;[0m     "appium:app": "/Users/rahulshetty/workingcode/AppiumFrameworkCloud//src//test//java//org//rahulshettyacademy//resources//GS.apk"
&amp#27;[38;5;32m[AndroidUiautomator2Driver@e5dc]&amp#27;[0m   },
&amp#27;[38;5;32m[AndroidUiautomator2Driver@e5dc]&amp#27;[0m   "firstMatch": [
&amp#27;[38;5;32m[AndroidUiautomator2Driver@e5dc]&amp#27;[0m     {}
&amp#27;[38;5;32m[AndroidUiautomator2Driver@e5dc]&amp#27;[0m   ]
&amp#27;[38;5;32m[AndroidUiautomator2Driver@e5dc]&amp#27;[0m }
&amp#27;[38;5;32m[AndroidUiautomator2Driver@e5dc (a2e545ec)]&amp#27;[0m Session created with session id: a2e545ec-4ef1-4cd7-afbb-5fe13f0a38cb
&amp#27;[38;5;48m[ADB]&amp#27;[0m Found 2 'build-tools' folders under '/users/rahulshetty/Library/Android/sdk' (newest first):
&amp#27;[38;5;48m[ADB]&amp#27;[0m     /users/rahulshetty/Library/Android/sdk/build-tools/30.0.3
&amp#27;[38;5;48m[ADB]&amp#27;[0m     /users/rahulshetty/Library/Android/sdk/build-tools/30.0.2
&amp#27;[38;5;48m[ADB]&amp#27;[0m Using 'adb' from '/users/rahulshetty/Library/Android/sdk/platform-tools/adb'
&amp#27;[38;5;48m[ADB]&amp#27;[0m Running '/users/rahulshetty/Library/Android/sdk/platform-tools/adb -P 5037 start-server'
&amp#27;[38;5;32m[AndroidUiautomator2Driver@e5dc (a2e545ec)]&amp#27;[0m Retrieving device list
&amp#27;[38;5;48m[ADB]&amp#27;[0m Trying to find connected Android devices
&amp#27;[38;5;48m[ADB]&amp#27;[0m Getting connected devices
&amp#27;[38;5;48m[ADB]&amp#27;[0m Connected devices: [{"udid":"emulator-5554","state":"device"}]
&amp#27;[38;5;32m[AndroidUiautomator2Driver@e5dc (a2e545ec)]&amp#27;[0m Using device: emulator-5554
&amp#27;[38;5;48m[ADB]&amp#27;[0m Using 'adb' from '/users/rahulshetty/Library/Android/sdk/platform-tools/adb'
&amp#27;[38;5;48m[ADB]&amp#27;[0m Running '/users/rahulshetty/Library/Android/sdk/platform-tools/adb -P 5037 start-server'
&amp#27;[38;5;48m[ADB]&amp#27;[0m Setting device id to emulator-5554
&amp#27;[38;5;64m[BaseDriver]&amp#27;[0m Using local app '/Users/rahulshetty/workingcode/AppiumFrameworkCloud//src//test//java//org//rahulshettyacademy//resources//GS.apk'
&amp#27;[38;5;32m[AndroidUiautomator2Driver@e5dc (a2e545ec)]&amp#27;[0m Checking whether app is actually present
&amp#27;[38;5;48m[ADB]&amp#27;[0m Running '/users/rahulshetty/Library/Android/sdk/platform-tools/adb -P 5037 -s emulator-5554 shell getprop ro.build.version.sdk'
&amp#27;[38;5;48m[ADB]&amp#27;[0m Current device property 'ro.build.version.sdk': 29
&amp#27;[38;5;48m[ADB]&amp#27;[0m Getting device platform version
&amp#27;[38;5;48m[ADB]&amp#27;[0m Running '/users/rahulshetty/Library/Android/sdk/platform-tools/adb -P 5037 -s emulator-5554 shell getprop ro.build.version.release'
&amp#27;[38;5;48m[ADB]&amp#27;[0m Current device property 'ro.build.version.release': 10
&amp#27;[38;5;48m[ADB]&amp#27;[0m Device API level: 29
&amp#27;[38;5;32m[AndroidUiautomator2Driver@e5dc (a2e545ec)]&amp#27;[0m Relaxing hidden api policy
&amp#27;[38;5;48m[ADB]&amp#27;[0m Running '/users/rahulshetty/Library/Android/sdk/platform-tools/adb -P 5037 -s emulator-5554 shell 'settings put global hidden_api_policy_pre_p_apps 1;settings put global hidden_api_policy_p_apps 1;settings put global hidden_api_policy 1''
&amp#27;[38;5;32m[AndroidUiautomator2Driver@e5dc (a2e545ec)]&amp#27;[0m Parsing package and activity from app manifest
&amp#27;[38;5;48m[ADB]&amp#27;[0m Running '/users/rahulshetty/Library/Android/sdk/platform-tools/adb -P 5037 -s emulator-5554 wait-for-device'
&amp#27;[38;5;48m[ADB]&amp#27;[0m Package name: 'com.androidsample.generalstore'
&amp#27;[38;5;48m[ADB]&amp#27;[0m Main activity name: 'com.androidsample.generalstore.SplashActivity'
&amp#27;[38;5;32m[AndroidUiautomator2Driver@e5dc (a2e545ec)]&amp#27;[0m Parsed package and activity are: com.androidsample.generalstore/com.androidsample.generalstore.SplashActivity
&amp#27;[38;5;48m[ADB]&amp#27;[0m Running '/users/rahulshetty/Library/Android/sdk/platform-tools/adb -P 5037 -s emulator-5554 shell echo ping'
&amp#27;[38;5;32m[AndroidUiautomator2Driver@e5dc (a2e545ec)]&amp#27;[0m Pushing settings apk to the device...
&amp#27;[38;5;48m[ADB]&amp#27;[0m Getting package info for 'io.appium.settings'
&amp#27;[38;5;48m[ADB]&amp#27;[0m Running '/users/rahulshetty/Library/Android/sdk/platform-tools/adb -P 5037 -s emulator-5554 shell dumpsys package io.appium.settings'
&amp#27;[38;5;48m[ADB]&amp#27;[0m The version name of the installed 'io.appium.settings' is greater or equal to the application version name ('5.7.5' >= '5.7.5')
&amp#27;[38;5;48m[ADB]&amp#27;[0m There is no need to install/upgrade '/Users/rahulshetty/workingcode/node_modules/appium-uiautomator2-driver/node_modules/io.appium.settings/apks/settings_apk-debug.apk'
&amp#27;[38;5;48m[ADB]&amp#27;[0m Running '/users/rahulshetty/Library/Android/sdk/platform-tools/adb -P 5037 -s emulator-5554 shell dumpsys activity services io.appium.settings'
&amp#27;[38;5;32m[AndroidUiautomator2Driver@e5dc (a2e545ec)]&amp#27;[0m io.appium.settings is already running. There is no need to reset its permissions.
&amp#27;[38;5;80m[Logcat]&amp#27;[0m Starting logs capture with command: /users/rahulshetty/Library/Android/sdk/platform-tools/adb -P 5037 -s emulator-5554 logcat -v threadtime
&amp#27;[38;5;32m[AndroidUiautomator2Driver@e5dc (a2e545ec)]&amp#27;[0m Forwarding UiAutomator2 Server port 6790 to local port 8200
&amp#27;[38;5;48m[ADB]&amp#27;[0m Forwarding system: 8200 to device: 6790
&amp#27;[38;5;48m[ADB]&amp#27;[0m Running '/users/rahulshetty/Library/Android/sdk/platform-tools/adb -P 5037 -s emulator-5554 forward tcp:8200 tcp:6790'
&amp#27;[38;5;48m[ADB]&amp#27;[0m Checking app cert for /Users/rahulshetty/workingcode/AppiumFrameworkCloud//src//test//java//org//rahulshettyacademy//resources//GS.apk
&amp#27;[38;5;48m[ADB]&amp#27;[0m Checking app cert for /Users/rahulshetty/workingcode/node_modules/appium-uiautomator2-driver/node_modules/appium-uiautomator2-server/apks/appium-uiautomator2-server-v6.0.8.apk
&amp#27;[38;5;48m[ADB]&amp#27;[0m Checking app cert for /Users/rahulshetty/workingcode/node_modules/appium-uiautomator2-driver/node_modules/appium-uiautomator2-server/apks/appium-uiautomator2-server-debug-androidTest.apk
&amp#27;[38;5;48m[ADB]&amp#27;[0m Using 'apksigner.jar' from '/users/rahulshetty/Library/Android/sdk/build-tools/30.0.3/lib/apksigner.jar'
&amp#27;[38;5;48m[ADB]&amp#27;[0m Starting apksigner: /Library/Java/JavaVirtualMachines/jdk-17.jdk/Contents/Home/bin/java -Xmx1024M -Xss1m -jar /users/rahulshetty/Library/Android/sdk/build-tools/30.0.3/lib/apksigner.jar verify --print-certs /Users/rahulshetty/workingcode/node_modules/appium-uiautomator2-driver/node_modules/appium-uiautomator2-server/apks/appium-uiautomator2-server-debug-androidTest.apk
&amp#27;[38;5;48m[ADB]&amp#27;[0m Starting apksigner: /Library/Java/JavaVirtualMachines/jdk-17.jdk/Contents/Home/bin/java -Xmx1024M -Xss1m -jar /users/rahulshetty/Library/Android/sdk/build-tools/30.0.3/lib/apksigner.jar verify --print-certs /Users/rahulshetty/workingcode/AppiumFrameworkCloud//src//test//java//org//rahulshettyacademy//resources//GS.apk
&amp#27;[38;5;48m[ADB]&amp#27;[0m Starting apksigner: /Library/Java/JavaVirtualMachines/jdk-17.jdk/Contents/Home/bin/java -Xmx1024M -Xss1m -jar /users/rahulshetty/Library/Android/sdk/build-tools/30.0.3/lib/apksigner.jar verify --print-certs /Users/rahulshetty/workingcode/node_modules/appium-uiautomator2-driver/node_modules/appium-uiautomator2-server/apks/appium-uiautomator2-server-v6.0.8.apk
&amp#27;[38;5;48m[ADB]&amp#27;[0m apksigner stdout: Signer #1 certificate DN: EMAILADDRESS=android@android.com, CN=Android, OU=Android, O=Android, L=Mountain View, ST=California, C=US
&amp#27;[38;5;48m[ADB]&amp#27;[0m Signer #1 certificate SHA-256 digest: a40da80a59d170caa950cf15c18c454d47a39b26989d8b640ecd745ba71bf5dc
&amp#27;[38;5;48m[ADB]&amp#27;[0m Signer #1 certificate SHA-1 digest: 61ed377e85d386a8dfee6b864bd85b0bfaa5af81
&amp#27;[38;5;48m[ADB]&amp#27;[0m Signer #1 certificate MD5 digest: e89b158e4bcf988ebd09eb83f5378e87
&amp#27;[38;5;48m[ADB]&amp#27;[0m 
&amp#27;[38;5;48m[ADB]&amp#27;[0m sha256 hash did match for 'appium-uiautomator2-server-debug-androidTest.apk'
&amp#27;[38;5;48m[ADB]&amp#27;[0m '/Users/rahulshetty/workingcode/node_modules/appium-uiautomator2-driver/node_modules/appium-uiautomator2-server/apks/appium-uiautomator2-server-debug-androidTest.apk' is signed with the default certificate
&amp#27;[38;5;48m[ADB]&amp#27;[0m Getting install status for io.appium.uiautomator2.server.test
&amp#27;[38;5;48m[ADB]&amp#27;[0m Running '/users/rahulshetty/Library/Android/sdk/platform-tools/adb -P 5037 -s emulator-5554 shell pm path io.appium.uiautomator2.server.test'
&amp#27;[38;5;48m[ADB]&amp#27;[0m 'io.appium.uiautomator2.server.test' is installed
&amp#27;[38;5;48m[ADB]&amp#27;[0m apksigner stdout: Signer #1 certificate DN: C=US, O=Android, CN=Android Debug
&amp#27;[38;5;48m[ADB]&amp#27;[0m Signer #1 certificate SHA-256 digest: f5f5931c019be6bff8a26255f76ae9ef8a8e631d2a702ec10e91110231549eef
&amp#27;[38;5;48m[ADB]&amp#27;[0m Signer #1 certificate SHA-1 digest: b250161db8b5d0a1bd39154c9fd749bdad79c1a3
&amp#27;[38;5;48m[ADB]&amp#27;[0m Signer #1 certificate MD5 digest: 7a5550323d84472ca25a0861c63e0a6c
&amp#27;[38;5;48m[ADB]&amp#27;[0m 
&amp#27;[38;5;48m[ADB]&amp#27;[0m '/Users/rahulshetty/workingcode/AppiumFrameworkCloud//src//test//java//org//rahulshettyacademy//resources//GS.apk' is signed with a non-default certificate
&amp#27;[38;5;48m[ADB]&amp#27;[0m Getting package info for 'com.androidsample.generalstore'
&amp#27;[38;5;48m[ADB]&amp#27;[0m Running '/users/rahulshetty/Library/Android/sdk/platform-tools/adb -P 5037 -s emulator-5554 shell dumpsys package com.androidsample.generalstore'
&amp#27;[38;5;48m[ADB]&amp#27;[0m The version name of the installed 'com.androidsample.generalstore' is greater or equal to the application version name ('1.0.0' >= '1.0.0')
&amp#27;[38;5;48m[ADB]&amp#27;[0m There is no need to install/upgrade '/Users/rahulshetty/workingcode/AppiumFrameworkCloud//src//test//java//org//rahulshettyacademy//resources//GS.apk'
&amp#27;[38;5;32m[AndroidUiautomator2Driver@e5dc (a2e545ec)]&amp#27;[0m Performing fast reset on 'com.androidsample.generalstore'
&amp#27;[38;5;48m[ADB]&amp#27;[0m Getting install status for com.androidsample.generalstore
&amp#27;[38;5;48m[ADB]&amp#27;[0m Running '/users/rahulshetty/Library/Android/sdk/platform-tools/adb -P 5037 -s emulator-5554 shell pm path com.androidsample.generalstore'
&amp#27;[38;5;48m[ADB]&amp#27;[0m 'com.androidsample.generalstore' is installed
&amp#27;[38;5;48m[ADB]&amp#27;[0m Running '/users/rahulshetty/Library/Android/sdk/platform-tools/adb -P 5037 -s emulator-5554 shell am force-stop com.androidsample.generalstore'
&amp#27;[38;5;48m[ADB]&amp#27;[0m Running '/users/rahulshetty/Library/Android/sdk/platform-tools/adb -P 5037 -s emulator-5554 shell pm clear com.androidsample.generalstore'
&amp#27;[38;5;32m[AndroidUiautomator2Driver@e5dc (a2e545ec)]&amp#27;[0m Performed fast reset on the installed 'com.androidsample.generalstore' application (stop and clear)
&amp#27;[38;5;48m[ADB]&amp#27;[0m apksigner stdout: Signer #1 certificate DN: EMAILADDRESS=android@android.com, CN=Android, OU=Android, O=Android, L=Mountain View, ST=California, C=US
&amp#27;[38;5;48m[ADB]&amp#27;[0m Signer #1 certificate SHA-256 digest: a40da80a59d170caa950cf15c18c454d47a39b26989d8b640ecd745ba71bf5dc
&amp#27;[38;5;48m[ADB]&amp#27;[0m Signer #1 certificate SHA-1 digest: 61ed377e85d386a8dfee6b864bd85b0bfaa5af81
&amp#27;[38;5;48m[ADB]&amp#27;[0m Signer #1 certificate MD5 digest: e89b158e4bcf988ebd09eb83f5378e87
&amp#27;[38;5;48m[ADB]&amp#27;[0m 
&amp#27;[38;5;48m[ADB]&amp#27;[0m sha256 hash did match for 'appium-uiautomator2-server-v6.0.8.apk'
&amp#27;[38;5;48m[ADB]&amp#27;[0m '/Users/rahulshetty/workingcode/node_modules/appium-uiautomator2-driver/node_modules/appium-uiautomator2-server/apks/appium-uiautomator2-server-v6.0.8.apk' is signed with the default certificate
&amp#27;[38;5;48m[ADB]&amp#27;[0m Getting package info for 'io.appium.uiautomator2.server'
&amp#27;[38;5;48m[ADB]&amp#27;[0m Running '/users/rahulshetty/Library/Android/sdk/platform-tools/adb -P 5037 -s emulator-5554 shell dumpsys package io.appium.uiautomator2.server'
&amp#27;[38;5;48m[ADB]&amp#27;[0m The version name of the installed 'io.appium.uiautomator2.server' is greater or equal to the application version name ('6.0.8' >= '6.0.8')
&amp#27;[38;5;32m[AndroidUiautomator2Driver@e5dc (a2e545ec)]&amp#27;[0m Server packages status: [{"wasSigned":true,"installState":"sameVersionInstalled","appPath":"/Users/rahulshetty/workingcode/node_modules/appium-uiautomator2-driver/node_modules/appium-uiautomator2-server/apks/appium-uiautomator2-server-v6.0.8.apk","appId":"io.appium.uiautomator2.server"},{"wasSigned":true,"installState":"sameVersionInstalled","appPath":"/Users/rahulshetty/workingcode/node_modules/appium-uiautomator2-driver/node_modules/appium-uiautomator2-server/apks/appium-uiautomator2-server-debug-androidTest.apk","appId":"io.appium.uiautomator2.server.test"}]
&amp#27;[38;5;32m[AndroidUiautomator2Driver@e5dc (a2e545ec)]&amp#27;[0m Server packages are not going to be (re)installed
&amp#27;[38;5;32m[AndroidUiautomator2Driver@e5dc (a2e545ec)]&amp#27;[0m Waiting up to 30000ms for services to be available
&amp#27;[38;5;48m[ADB]&amp#27;[0m Running '/users/rahulshetty/Library/Android/sdk/platform-tools/adb -P 5037 -s emulator-5554 shell pm list instrumentation'
&amp#27;[38;5;32m[AndroidUiautomator2Driver@e5dc (a2e545ec)]&amp#27;[0m Instrumentation target 'io.appium.uiautomator2.server.test/androidx.test.runner.AndroidJUnitRunner' is available
&amp#27;[38;5;48m[ADB]&amp#27;[0m Adding packages ["io.appium.settings","io.appium.uiautomator2.server","io.appium.uiautomator2.server.test"] to Doze whitelist
&amp#27;[38;5;48m[ADB]&amp#27;[0m Got the following command chunks to execute: [["dumpsys","deviceidle","whitelist","+io.appium.settings",";","dumpsys","deviceidle","whitelist","+io.appium.uiautomator2.server",";","dumpsys","deviceidle","whitelist","+io.appium.uiautomator2.server.test",";"]]
&amp#27;[38;5;48m[ADB]&amp#27;[0m Running '/users/rahulshetty/Library/Android/sdk/platform-tools/adb -P 5037 -s emulator-5554 shell dumpsys deviceidle whitelist +io.appium.settings ; dumpsys deviceidle whitelist +io.appium.uiautomator2.server ; dumpsys deviceidle whitelist +io.appium.uiautomator2.server.test ;'
&amp#27;[38;5;32m[AndroidUiautomator2Driver@e5dc (a2e545ec)]&amp#27;[0m Performing shallow cleanup of automation leftovers
&amp#27;[38;5;32m[AndroidUiautomator2Driver@e5dc (a2e545ec)]&amp#27;[0m No obsolete sessions have been detected (socket hang up)
&amp#27;[38;5;48m[ADB]&amp#27;[0m Running '/users/rahulshetty/Library/Android/sdk/platform-tools/adb -P 5037 -s emulator-5554 shell am force-stop io.appium.uiautomator2.server.test'
&amp#27;[38;5;32m[AndroidUiautomator2Driver@e5dc (a2e545ec)]&amp#27;[0m Starting UIAutomator2 server 6.0.8
&amp#27;[38;5;32m[AndroidUiautomator2Driver@e5dc (a2e545ec)]&amp#27;[0m Using UIAutomator2 server from '/Users/rahulshetty/workingcode/node_modules/appium-uiautomator2-driver/node_modules/appium-uiautomator2-server/apks/appium-uiautomator2-server-v6.0.8.apk' and test from '/Users/rahulshetty/workingcode/node_modules/appium-uiautomator2-driver/node_modules/appium-uiautomator2-server/apks/appium-uiautomator2-server-debug-androidTest.apk'
&amp#27;[38;5;32m[AndroidUiautomator2Driver@e5dc (a2e545ec)]&amp#27;[0m Waiting up to 30000ms for UiAutomator2 to be online...
&amp#27;[38;5;48m[ADB]&amp#27;[0m Creating ADB subprocess with args: ["-P","5037","-s","emulator-5554","shell","am","instrument","-w","-e","disableAnalytics","true","io.appium.uiautomator2.server.test/androidx.test.runner.AndroidJUnitRunner"]
&amp#27;[38;5;32m[AndroidUiautomator2Driver@e5dc (a2e545ec)]&amp#27;[0m Matched '/status' to command name 'getStatus'
&amp#27;[38;5;32m[AndroidUiautomator2Driver@e5dc (a2e545ec)]&amp#27;[0m Proxying [GET /status] to [GET http://127.0.0.1:8200/status] with no body
&amp#27;[38;5;32m[AndroidUiautomator2Driver@e5dc (a2e545ec)]&amp#27;[0m socket hang up
&amp#27;[38;5;96m[Instrumentation]&amp#27;[0m io.appium.uiautomator2.server.test.AppiumUiAutomator2Server:
&amp#27;[38;5;32m[AndroidUiautomator2Driver@e5dc (a2e545ec)]&amp#27;[0m Matched '/status' to command name 'getStatus'
&amp#27;[38;5;32m[AndroidUiautomator2Driver@e5dc (a2e545ec)]&amp#27;[0m Proxying [GET /status] to [GET http://127.0.0.1:8200/status] with no body
&amp#27;[38;5;32m[AndroidUiautomator2Driver@e5dc (a2e545ec)]&amp#27;[0m socket hang up
&amp#27;[38;5;32m[AndroidUiautomator2Driver@e5dc (a2e545ec)]&amp#27;[0m Matched '/status' to command name 'getStatus'
&amp#27;[38;5;32m[AndroidUiautomator2Driver@e5dc (a2e545ec)]&amp#27;[0m Proxying [GET /status] to [GET http://127.0.0.1:8200/status] with no body
&amp#27;[38;5;32m[AndroidUiautomator2Driver@e5dc (a2e545ec)]&amp#27;[0m Got response with status 200: {"sessionId":"None","value":{"message":"UiAutomator2 Server is ready to accept commands","ready":true}}
&amp#27;[38;5;32m[AndroidUiautomator2Driver@e5dc (a2e545ec)]&amp#27;[0m The initialization of the instrumentation process took 2080ms
&amp#27;[38;5;32m[AndroidUiautomator2Driver@e5dc (a2e545ec)]&amp#27;[0m Matched '/session' to command name 'createSession'
&amp#27;[38;5;32m[AndroidUiautomator2Driver@e5dc (a2e545ec)]&amp#27;[0m Proxying [POST /session] to [POST http://127.0.0.1:8200/session] with body: {"capabilities":{"firstMatch":[{"platformName":"ANDROID","automationName":"UIAutomator2","chromedriverExecutable":"//Users//rahulshetty//documents//chromedriver 11","app":"/Users/rahulshetty/workingcode/AppiumFrameworkCloud//src//test//java//org//rahulshettyacademy//resources//GS.apk","platform":"LINUX","webStorageEnabled":false,"takesScreenshot":true,"javascriptEnabled":true,"databaseEnabled":false,"networkConnectionEnabled":true,"locationContextEnabled":false,"warnings":{},"desired":{"platformName":"ANDROID","automationName":"UIAutomator2","chromedriverExecutable":"//Users//rahulshetty//documents//chromedriver 11","app":"/Users/rahulshetty/workingcode/AppiumFrameworkCloud//src//test//java//org//rahulshettyacademy//resources//GS.apk"},"deviceName":"emulator-5554","deviceUDID":"emulator-5554","appPackage":"com.androidsample.generalstore"}],"alwaysMatch":{}}}
&amp#27;[38;5;32m[AndroidUiautomator2Driver@e5dc (a2e545ec)]&amp#27;[0m Got response with status 200: {"sessionId":"5bd4c1b2-5b72-40fc-b1c9-12ff95f848d2","value":{"capabilities":{"firstMatch":[{"platformName":"ANDROID","automationName":"UIAutomator2","chromedriverExecutable":"//Users//rahulshetty//documents//chromedriver 11","app":"/Users/rahulshetty/workingcode/AppiumFrameworkCloud//src//test//java//org//rahulshettyacademy//resources//GS.apk","platform":"LINUX","webStorageEnabled":false,"takesScreenshot":true,"javascriptEnabled":true,"databaseEnabled":false,"networkConnectionEnabled":true,"locationContextEnabled":false,"warnings":{},"desired":{"platformName":"ANDROID","automationName":"UIAutomator2","chromedriverExecutable":"//Users//rahulshetty//documents//chromedriver 11","app":"/Users/rahulshetty/workingcode/AppiumFrameworkCloud//src//test//java//org//rahulshettyacademy//resources//GS.apk"},"deviceName":"emulator-5554","deviceUDID":"emulator-5554","appPackage":"com.androidsample.generalstore"}],"alwaysMatch":{}},"sessionId":"5bd4c1b2-5b72-40fc-b1c9-12ff95f848d2"}}
&amp#27;[38;5;32m[AndroidUiautomator2Driver@e5dc (a2e545ec)]&amp#27;[0m Determined the downstream protocol as 'W3C'
&amp#27;[38;5;32m[AndroidUiautomator2Driver@e5dc (a2e545ec)]&amp#27;[0m Proxying [GET /appium/device/pixel_ratio] to [GET http://127.0.0.1:8200/session/5bd4c1b2-5b72-40fc-b1c9-12ff95f848d2/appium/device/pixel_ratio] with no body
&amp#27;[38;5;32m[AndroidUiautomator2Driver@e5dc (a2e545ec)]&amp#27;[0m Matched '/appium/device/system_bars' to command name 'getSystemBars'
&amp#27;[38;5;32m[AndroidUiautomator2Driver@e5dc (a2e545ec)]&amp#27;[0m Proxying [GET /appium/device/system_bars] to [GET http://127.0.0.1:8200/session/5bd4c1b2-5b72-40fc-b1c9-12ff95f848d2/appium/device/system_bars] with no body
&amp#27;[38;5;32m[AndroidUiautomator2Driver@e5dc (a2e545ec)]&amp#27;[0m Matched '/window/current/size' to command name 'getWindowSize'
&amp#27;[38;5;32m[AndroidUiautomator2Driver@e5dc (a2e545ec)]&amp#27;[0m Proxying [GET /window/current/size] to [GET http://127.0.0.1:8200/session/5bd4c1b2-5b72-40fc-b1c9-12ff95f848d2/window/current/size] with no body
&amp#27;[38;5;32m[AndroidUiautomator2Driver@e5dc (a2e545ec)]&amp#27;[0m Proxying [GET /appium/device/info] to [GET http://127.0.0.1:8200/session/5bd4c1b2-5b72-40fc-b1c9-12ff95f848d2/appium/device/info] with no body
&amp#27;[38;5;48m[ADB]&amp#27;[0m Running '/users/rahulshetty/Library/Android/sdk/platform-tools/adb -P 5037 -s emulator-5554 shell dumpsys window'
&amp#27;[38;5;32m[AndroidUiautomator2Driver@e5dc (a2e545ec)]&amp#27;[0m Got response with status 200: {"sessionId":"5bd4c1b2-5b72-40fc-b1c9-12ff95f848d2","value":2.625}
&amp#27;[38;5;32m[AndroidUiautomator2Driver@e5dc (a2e545ec)]&amp#27;[0m Got response with status 200: {"sessionId":"5bd4c1b2-5b72-40fc-b1c9-12ff95f848d2","value":{"statusBar":63}}
&amp#27;[38;5;32m[AndroidUiautomator2Driver@e5dc (a2e545ec)]&amp#27;[0m Got response with status 200: {"sessionId":"5bd4c1b2-5b72-40fc-b1c9-12ff95f848d2","value":{"height":1920,"width":1080}}
&amp#27;[38;5;32m[AndroidUiautomator2Driver@e5dc (a2e545ec)]&amp#27;[0m Got response with status 200: {"sessionId":"5bd4c1b2-5b72-40fc-b1c9-12ff95f848d2","value":{"androidId":"905258dbefc5c5f5","apiVersion":"29","bluetooth":null,"brand":"google","carrierName":"Android","displayDensity":420,"locale":"en_US","manufacturer":"Google","model":"Android SDK built for arm64","networks":[{"capabilities":{"SSID":null,"linkDownBandwidthKbps":1048576,"linkUpstreamBandwidthKbps":1048576,"networkCapabilities":"NET_CAPABILITY_NOT_METERED,NET_CAPABILITY_INTERNET,NET_CAPABILITY_NOT_RESTRICTED,NET_CAPABILITY_TRUSTED,NET_CAPABILITY_NOT_VPN,NET_CAPABILITY_VALIDATED,NET_CAPABILITY_NOT_ROAMING,NET_CAPABILITY_FOREGROUND,NET_CAPABILITY_NOT_CONGESTED,NET_CAPABILITY_NOT_SUSPENDED","signalStrength":-30,"transportTypes":"TRANSPORT_WIFI"},"detailedState":"CONNECTED","extraInfo":null,"isAvailable":true,"isConnected":true,"isFailover":false,"isRoaming":false,"state":"CONNECTED","subtype":0,"subtypeName":"","type":1,"typeName":"WIFI"},{"capabilities":{"SSID":null,"linkDownBandwidthKbps":102400,"linkUpstreamBandwidthKbps":51200,"networkCa...
&amp#27;[38;5;32m[AndroidUiautomator2Driver@e5dc (a2e545ec)]&amp#27;[0m Screen already unlocked, doing nothing
&amp#27;[38;5;32m[AndroidUiautomator2Driver@e5dc (a2e545ec)]&amp#27;[0m Starting 'com.androidsample.generalstore/com.androidsample.generalstore.SplashActivity and waiting for 'com.androidsample.generalstore/com.androidsample.generalstore.SplashActivity'
&amp#27;[38;5;48m[ADB]&amp#27;[0m Running '/users/rahulshetty/Library/Android/sdk/platform-tools/adb -P 5037 -s emulator-5554 shell am start -W -n com.androidsample.generalstore/com.androidsample.generalstore.SplashActivity -S -a android.intent.action.MAIN -c android.intent.category.LAUNCHER -f 0x10200000'
&amp#27;[38;5;48m[ADB]&amp#27;[0m Waiting up to 20000ms for activity matching pkg: 'com.androidsample.generalstore' and activity: 'com.androidsample.generalstore.SplashActivity' to be focused
&amp#27;[38;5;48m[ADB]&amp#27;[0m Possible activities, to be checked: 'com.androidsample.generalstore.SplashActivity', 'com.androidsample.generalstore.com.androidsample.generalstore.SplashActivity'
&amp#27;[38;5;48m[ADB]&amp#27;[0m Getting focused package and activity
&amp#27;[38;5;48m[ADB]&amp#27;[0m Running '/users/rahulshetty/Library/Android/sdk/platform-tools/adb -P 5037 -s emulator-5554 shell dumpsys window displays'
&amp#27;[38;5;48m[ADB]&amp#27;[0m Found package: 'com.androidsample.generalstore' and fully qualified activity name : 'com.androidsample.generalstore.SplashActivity'
&amp#27;[38;5;16m[AppiumDriver@450d]&amp#27;[0m New AndroidUiautomator2Driver session created successfully, session a2e545ec-4ef1-4cd7-afbb-5fe13f0a38cb added to master session list
&amp#27;[38;5;16m[AppiumDriver@450d]&amp#27;[0m Event 'newSessionStarted' logged at 1715267836383 (11:17:16 GMT-0400 (Eastern Daylight Time))
&amp#27;[38;5;32m[AndroidUiautomator2Driver@e5dc (a2e545ec)]&amp#27;[0m Cached the protocol value 'W3C' for the new session a2e545ec-4ef1-4cd7-afbb-5fe13f0a38cb
&amp#27;[38;5;32m[AndroidUiautomator2Driver@e5dc (a2e545ec)]&amp#27;[0m Responding to client with driver.createSession() result: {"capabilities":{"platformName":"ANDROID","automationName":"UIAutomator2","chromedriverExecutable":"//Users//rahulshetty//documents//chromedriver 11","app":"/Users/rahulshetty/workingcode/AppiumFrameworkCloud//src//test//java//org//rahulshettyacademy//resources//GS.apk","platform":"LINUX","webStorageEnabled":false,"takesScreenshot":true,"javascriptEnabled":true,"databaseEnabled":false,"networkConnectionEnabled":true,"locationContextEnabled":false,"warnings":{},"desired":{"platformName":"ANDROID","automationName":"UIAutomator2","chromedriverExecutable":"//Users//rahulshetty//documents//chromedriver 11","app":"/Users/rahulshetty/workingcode/AppiumFrameworkCloud//src//test//java//org//rahulshettyacademy//resources//GS.apk"},"deviceName":"emulator-5554","deviceUDID":"emulator-5554","appPackage":"com.androidsample.generalstore","pixelRatio":"2.625","statBarHeight":63,"viewportRect":{"left":0,"top":63,"width":1080,"height":1857},"deviceApiLevel":29,"platformVersion":"10","deviceManufacturer":"Google","deviceMode...
&amp#27;[38;5;0m[HTTP]&amp#27;[0m &amp#27;[37m<-- POST /session &amp#27;[39m&amp#27;[32m200&amp#27;[39m &amp#27;[90m4537 ms - 1173&amp#27;[39m
&amp#27;[38;5;0m[HTTP]&amp#27;[0m &amp#27;[90m&amp#27;[39m
&amp#27;[38;5;0m[HTTP]&amp#27;[0m &amp#27;[37m-->&amp#27;[39m &amp#27;[37mPOST&amp#27;[39m &amp#27;[37m/session/a2e545ec-4ef1-4cd7-afbb-5fe13f0a38cb/timeouts&amp#27;[39m
&amp#27;[38;5;0m[HTTP]&amp#27;[0m &amp#27;[90m{"implicit":10000}&amp#27;[39m
&amp#27;[38;5;32m[AndroidUiautomator2Driver@e5dc (a2e545ec)]&amp#27;[0m Calling AppiumDriver.timeouts() with args: [null,null,null,null,10000,"a2e545ec-4ef1-4cd7-afbb-5fe13f0a38cb"]
&amp#27;[38;5;32m[AndroidUiautomator2Driver@e5dc (a2e545ec)]&amp#27;[0m W3C timeout argument: {"implicit":10000}}
&amp#27;[38;5;32m[AndroidUiautomator2Driver@e5dc (a2e545ec)]&amp#27;[0m Set implicit wait to 10000ms
&amp#27;[38;5;32m[AndroidUiautomator2Driver@e5dc (a2e545ec)]&amp#27;[0m Responding to client with driver.timeouts() result: null
&amp#27;[38;5;0m[HTTP]&amp#27;[0m &amp#27;[37m<-- POST /session/a2e545ec-4ef1-4cd7-afbb-5fe13f0a38cb/timeouts &amp#27;[39m&amp#27;[32m200&amp#27;[39m &amp#27;[90m4 ms - 14&amp#27;[39m
&amp#27;[38;5;0m[HTTP]&amp#27;[0m &amp#27;[90m&amp#27;[39m
&amp#27;[38;5;0m[HTTP]&amp#27;[0m &amp#27;[37m-->&amp#27;[39m &amp#27;[37mPOST&amp#27;[39m &amp#27;[37m/session/a2e545ec-4ef1-4cd7-afbb-5fe13f0a38cb/execute/sync&amp#27;[39m
&amp#27;[38;5;0m[HTTP]&amp#27;[0m &amp#27;[90m{"args":[],"script":"mobile: hideKeyboard"}&amp#27;[39m
&amp#27;[38;5;32m[AndroidUiautomator2Driver@e5dc (a2e545ec)]&amp#27;[0m Calling AppiumDriver.execute() with args: ["mobile: hideKeyboard",[],"a2e545ec-4ef1-4cd7-afbb-5fe13f0a38cb"]
&amp#27;[38;5;32m[AndroidUiautomator2Driver@e5dc (a2e545ec)]&amp#27;[0m Executing method 'mobile: hideKeyboard'
&amp#27;[38;5;48m[ADB]&amp#27;[0m Running '/users/rahulshetty/Library/Android/sdk/platform-tools/adb -P 5037 -s emulator-5554 shell dumpsys input_method'
&amp#27;[38;5;48m[ADB]&amp#27;[0m Keyboard has no UI; no closing necessary
&amp#27;[38;5;32m[AndroidUiautomator2Driver@e5dc (a2e545ec)]&amp#27;[0m Responding to client with driver.execute() result: false
&amp#27;[38;5;0m[HTTP]&amp#27;[0m &amp#27;[37m<-- POST /session/a2e545ec-4ef1-4cd7-afbb-5fe13f0a38cb/execute/sync &amp#27;[39m&amp#27;[32m200&amp#27;[39m &amp#27;[90m187 ms - 15&amp#27;[39m
&amp#27;[38;5;0m[HTTP]&amp#27;[0m &amp#27;[90m&amp#27;[39m
&amp#27;[38;5;0m[HTTP]&amp#27;[0m &amp#27;[37m-->&amp#27;[39m &amp#27;[37mPOST&amp#27;[39m &amp#27;[37m/session/a2e545ec-4ef1-4cd7-afbb-5fe13f0a38cb/element&amp#27;[39m
&amp#27;[38;5;0m[HTTP]&amp#27;[0m &amp#27;[90m{"value":"//android.widget.RadioButton[@text='Female']","using":"xpath"}&amp#27;[39m
&amp#27;[38;5;32m[AndroidUiautomator2Driver@e5dc (a2e545ec)]&amp#27;[0m Calling AppiumDriver.findElement() with args: ["xpath","//android.widget.RadioButton[@text='Female']","a2e545ec-4ef1-4cd7-afbb-5fe13f0a38cb"]
&amp#27;[38;5;32m[AndroidUiautomator2Driver@e5dc (a2e545ec)]&amp#27;[0m Valid locator strategies for this request: xpath, id, class name, accessibility id, css selector, -android uiautomator
&amp#27;[38;5;32m[AndroidUiautomator2Driver@e5dc (a2e545ec)]&amp#27;[0m Waiting up to 10000 ms for condition
&amp#27;[38;5;32m[AndroidUiautomator2Driver@e5dc (a2e545ec)]&amp#27;[0m Matched '/element' to command name 'findElement'
&amp#27;[38;5;32m[AndroidUiautomator2Driver@e5dc (a2e545ec)]&amp#27;[0m Proxying [POST /element] to [POST http://127.0.0.1:8200/session/5bd4c1b2-5b72-40fc-b1c9-12ff95f848d2/element] with body: {"strategy":"xpath","selector":"//android.widget.RadioButton[@text='Female']","context":"","multiple":false}
&amp#27;[38;5;32m[AndroidUiautomator2Driver@e5dc (a2e545ec)]&amp#27;[0m Got response with status 404: {"sessionId":"5bd4c1b2-5b72-40fc-b1c9-12ff95f848d2","value":{"error":"no such element","message":"An element could not be located on the page using the given search parameters","stacktrace":"io.appium.uiautomator2.common.exceptions.ElementNotFoundException: An element could not be located on the page using the given search parameters\n\tat io.appium.uiautomator2.utils.ElementLocationHelpers.findElement(ElementLocationHelpers.java:156)\n\tat io.appium.uiautomator2.handler.FindElement.safeHandle(FindElement.java:60)\n\tat io.appium.uiautomator2.handler.request.SafeRequestHandler.handle(SafeRequestHandler.java:59)\n\tat io.appium.uiautomator2.server.AppiumServlet.handleRequest(AppiumServlet.java:277)\n\tat io.appium.uiautomator2.server.AppiumServlet.handleHttpRequest(AppiumServlet.java:271)\n\tat io.appium.uiautomator2.http.ServerHandler.channelRead(ServerHandler.java:77)\n\tat io.netty.channel.AbstractChannelHandlerContext.invokeChannelRead(AbstractChannelHandlerContext.java:366)\n\tat io.netty.channel.Abstr...
&amp#27;[38;5;112m[W3C]&amp#27;[0m Matched W3C error code 'no such element' to NoSuchElementError
&amp#27;[38;5;32m[AndroidUiautomator2Driver@e5dc (a2e545ec)]&amp#27;[0m Waited for 435 ms so far
&amp#27;[38;5;32m[AndroidUiautomator2Driver@e5dc (a2e545ec)]&amp#27;[0m Matched '/element' to command name 'findElement'
&amp#27;[38;5;32m[AndroidUiautomator2Driver@e5dc (a2e545ec)]&amp#27;[0m Proxying [POST /element] to [POST http://127.0.0.1:8200/session/5bd4c1b2-5b72-40fc-b1c9-12ff95f848d2/element] with body: {"strategy":"xpath","selector":"//android.widget.RadioButton[@text='Female']","context":"","multiple":false}
&amp#27;[38;5;32m[AndroidUiautomator2Driver@e5dc (a2e545ec)]&amp#27;[0m Got response with status 404: {"sessionId":"5bd4c1b2-5b72-40fc-b1c9-12ff95f848d2","value":{"error":"no such element","message":"An element could not be located on the page using the given search parameters","stacktrace":"io.appium.uiautomator2.common.exceptions.ElementNotFoundException: An element could not be located on the page using the given search parameters\n\tat io.appium.uiautomator2.utils.ElementLocationHelpers.findElement(ElementLocationHelpers.java:156)\n\tat io.appium.uiautomator2.handler.FindElement.safeHandle(FindElement.java:60)\n\tat io.appium.uiautomator2.handler.request.SafeRequestHandler.handle(SafeRequestHandler.java:59)\n\tat io.appium.uiautomator2.server.AppiumServlet.handleRequest(AppiumServlet.java:277)\n\tat io.appium.uiautomator2.server.AppiumServlet.handleHttpRequest(AppiumServlet.java:271)\n\tat io.appium.uiautomator2.http.ServerHandler.channelRead(ServerHandler.java:77)\n\tat io.netty.channel.AbstractChannelHandlerContext.invokeChannelRead(AbstractChannelHandlerContext.java:366)\n\tat io.netty.channel.Abstr...
&amp#27;[38;5;112m[W3C]&amp#27;[0m Matched W3C error code 'no such element' to NoSuchElementError
&amp#27;[38;5;32m[AndroidUiautomator2Driver@e5dc (a2e545ec)]&amp#27;[0m Waited for 962 ms so far
&amp#27;[38;5;32m[AndroidUiautomator2Driver@e5dc (a2e545ec)]&amp#27;[0m Matched '/element' to command name 'findElement'
&amp#27;[38;5;32m[AndroidUiautomator2Driver@e5dc (a2e545ec)]&amp#27;[0m Proxying [POST /element] to [POST http://127.0.0.1:8200/session/5bd4c1b2-5b72-40fc-b1c9-12ff95f848d2/element] with body: {"strategy":"xpath","selector":"//android.widget.RadioButton[@text='Female']","context":"","multiple":false}
&amp#27;[38;5;32m[AndroidUiautomator2Driver@e5dc (a2e545ec)]&amp#27;[0m Got response with status 404: {"sessionId":"5bd4c1b2-5b72-40fc-b1c9-12ff95f848d2","value":{"error":"no such element","message":"An element could not be located on the page using the given search parameters","stacktrace":"io.appium.uiautomator2.common.exceptions.ElementNotFoundException: An element could not be located on the page using the given search parameters\n\tat io.appium.uiautomator2.utils.ElementLocationHelpers.findElement(ElementLocationHelpers.java:156)\n\tat io.appium.uiautomator2.handler.FindElement.safeHandle(FindElement.java:60)\n\tat io.appium.uiautomator2.handler.request.SafeRequestHandler.handle(SafeRequestHandler.java:59)\n\tat io.appium.uiautomator2.server.AppiumServlet.handleRequest(AppiumServlet.java:277)\n\tat io.appium.uiautomator2.server.AppiumServlet.handleHttpRequest(AppiumServlet.java:271)\n\tat io.appium.uiautomator2.http.ServerHandler.channelRead(ServerHandler.java:77)\n\tat io.netty.channel.AbstractChannelHandlerContext.invokeChannelRead(AbstractChannelHandlerContext.java:366)\n\tat io.netty.channel.Abstr...
&amp#27;[38;5;112m[W3C]&amp#27;[0m Matched W3C error code 'no such element' to NoSuchElementError
&amp#27;[38;5;32m[AndroidUiautomator2Driver@e5dc (a2e545ec)]&amp#27;[0m Waited for 1500 ms so far
&amp#27;[38;5;32m[AndroidUiautomator2Driver@e5dc (a2e545ec)]&amp#27;[0m Matched '/element' to command name 'findElement'
&amp#27;[38;5;32m[AndroidUiautomator2Driver@e5dc (a2e545ec)]&amp#27;[0m Proxying [POST /element] to [POST http://127.0.0.1:8200/session/5bd4c1b2-5b72-40fc-b1c9-12ff95f848d2/element] with body: {"strategy":"xpath","selector":"//android.widget.RadioButton[@text='Female']","context":"","multiple":false}
&amp#27;[38;5;32m[AndroidUiautomator2Driver@e5dc (a2e545ec)]&amp#27;[0m Got response with status 404: {"sessionId":"5bd4c1b2-5b72-40fc-b1c9-12ff95f848d2","value":{"error":"no such element","message":"An element could not be located on the page using the given search parameters","stacktrace":"io.appium.uiautomator2.common.exceptions.ElementNotFoundException: An element could not be located on the page using the given search parameters\n\tat io.appium.uiautomator2.utils.ElementLocationHelpers.findElement(ElementLocationHelpers.java:156)\n\tat io.appium.uiautomator2.handler.FindElement.safeHandle(FindElement.java:60)\n\tat io.appium.uiautomator2.handler.request.SafeRequestHandler.handle(SafeRequestHandler.java:59)\n\tat io.appium.uiautomator2.server.AppiumServlet.handleRequest(AppiumServlet.java:277)\n\tat io.appium.uiautomator2.server.AppiumServlet.handleHttpRequest(AppiumServlet.java:271)\n\tat io.appium.uiautomator2.http.ServerHandler.channelRead(ServerHandler.java:77)\n\tat io.netty.channel.AbstractChannelHandlerContext.invokeChannelRead(AbstractChannelHandlerContext.java:366)\n\tat io.netty.channel.Abstr...
&amp#27;[38;5;112m[W3C]&amp#27;[0m Matched W3C error code 'no such element' to NoSuchElementError
&amp#27;[38;5;32m[AndroidUiautomator2Driver@e5dc (a2e545ec)]&amp#27;[0m Waited for 2048 ms so far
&amp#27;[38;5;32m[AndroidUiautomator2Driver@e5dc (a2e545ec)]&amp#27;[0m Matched '/element' to command name 'findElement'
&amp#27;[38;5;32m[AndroidUiautomator2Driver@e5dc (a2e545ec)]&amp#27;[0m Proxying [POST /element] to [POST http://127.0.0.1:8200/session/5bd4c1b2-5b72-40fc-b1c9-12ff95f848d2/element] with body: {"strategy":"xpath","selector":"//android.widget.RadioButton[@text='Female']","context":"","multiple":false}
&amp#27;[38;5;32m[AndroidUiautomator2Driver@e5dc (a2e545ec)]&amp#27;[0m Got response with status 200: {"sessionId":"5bd4c1b2-5b72-40fc-b1c9-12ff95f848d2","value":{"ELEMENT":"00000000-0000-040e-ffff-ffff00000020","element-6066-11e4-a52e-4f735466cecf":"00000000-0000-040e-ffff-ffff00000020"}}
&amp#27;[38;5;32m[AndroidUiautomator2Driver@e5dc (a2e545ec)]&amp#27;[0m Responding to client with driver.findElement() result: {"element-6066-11e4-a52e-4f735466cecf":"00000000-0000-040e-ffff-ffff00000020","ELEMENT":"00000000-0000-040e-ffff-ffff00000020"}
&amp#27;[38;5;0m[HTTP]&amp#27;[0m &amp#27;[37m<-- POST /session/a2e545ec-4ef1-4cd7-afbb-5fe13f0a38cb/element &amp#27;[39m&amp#27;[32m200&amp#27;[39m &amp#27;[90m3206 ms - 137&amp#27;[39m
&amp#27;[38;5;0m[HTTP]&amp#27;[0m &amp#27;[90m&amp#27;[39m
&amp#27;[38;5;0m[HTTP]&amp#27;[0m &amp#27;[37m-->&amp#27;[39m &amp#27;[37mPOST&amp#27;[39m &amp#27;[37m/session/a2e545ec-4ef1-4cd7-afbb-5fe13f0a38cb/element/00000000-0000-040e-ffff-ffff00000020/click&amp#27;[39m
&amp#27;[38;5;0m[HTTP]&amp#27;[0m &amp#27;[90m{"id":"00000000-0000-040e-ffff-ffff00000020"}&amp#27;[39m
&amp#27;[38;5;32m[AndroidUiautomator2Driver@e5dc (a2e545ec)]&amp#27;[0m Calling AppiumDriver.click() with args: ["00000000-0000-040e-ffff-ffff00000020","a2e545ec-4ef1-4cd7-afbb-5fe13f0a38cb"]
&amp#27;[38;5;32m[AndroidUiautomator2Driver@e5dc (a2e545ec)]&amp#27;[0m Matched '/element/00000000-0000-040e-ffff-ffff00000020/click' to command name 'click'
&amp#27;[38;5;32m[AndroidUiautomator2Driver@e5dc (a2e545ec)]&amp#27;[0m Proxying [POST /element/00000000-0000-040e-ffff-ffff00000020/click] to [POST http://127.0.0.1:8200/session/5bd4c1b2-5b72-40fc-b1c9-12ff95f848d2/element/00000000-0000-040e-ffff-ffff00000020/click] with body: {"element":"00000000-0000-040e-ffff-ffff00000020"}
&amp#27;[38;5;32m[AndroidUiautomator2Driver@e5dc (a2e545ec)]&amp#27;[0m Got response with status 200: {"sessionId":"5bd4c1b2-5b72-40fc-b1c9-12ff95f848d2","value":null}
&amp#27;[38;5;32m[AndroidUiautomator2Driver@e5dc (a2e545ec)]&amp#27;[0m Responding to client with driver.click() result: null
&amp#27;[38;5;0m[HTTP]&amp#27;[0m &amp#27;[37m<-- POST /session/a2e545ec-4ef1-4cd7-afbb-5fe13f0a38cb/element/00000000-0000-040e-ffff-ffff00000020/click &amp#27;[39m&amp#27;[32m200&amp#27;[39m &amp#27;[90m172 ms - 14&amp#27;[39m
&amp#27;[38;5;0m[HTTP]&amp#27;[0m &amp#27;[90m&amp#27;[39m
&amp#27;[38;5;0m[HTTP]&amp#27;[0m &amp#27;[37m-->&amp#27;[39m &amp#27;[37mPOST&amp#27;[39m &amp#27;[37m/session/a2e545ec-4ef1-4cd7-afbb-5fe13f0a38cb/element&amp#27;[39m
&amp#27;[38;5;0m[HTTP]&amp#27;[0m &amp#27;[90m{"value":"android:id/text1","using":"id"}&amp#27;[39m
&amp#27;[38;5;32m[AndroidUiautomator2Driver@e5dc (a2e545ec)]&amp#27;[0m Calling AppiumDriver.findElement() with args: ["id","android:id/text1","a2e545ec-4ef1-4cd7-afbb-5fe13f0a38cb"]
&amp#27;[38;5;32m[AndroidUiautomator2Driver@e5dc (a2e545ec)]&amp#27;[0m Valid locator strategies for this request: xpath, id, class name, accessibility id, css selector, -android uiautomator
&amp#27;[38;5;32m[AndroidUiautomator2Driver@e5dc (a2e545ec)]&amp#27;[0m Waiting up to 10000 ms for condition
&amp#27;[38;5;32m[AndroidUiautomator2Driver@e5dc (a2e545ec)]&amp#27;[0m Matched '/element' to command name 'findElement'
&amp#27;[38;5;32m[AndroidUiautomator2Driver@e5dc (a2e545ec)]&amp#27;[0m Proxying [POST /element] to [POST http://127.0.0.1:8200/session/5bd4c1b2-5b72-40fc-b1c9-12ff95f848d2/element] with body: {"strategy":"id","selector":"android:id/text1","context":"","multiple":false}
&amp#27;[38;5;32m[AndroidUiautomator2Driver@e5dc (a2e545ec)]&amp#27;[0m Got response with status 200: {"sessionId":"5bd4c1b2-5b72-40fc-b1c9-12ff95f848d2","value":{"ELEMENT":"00000000-0000-040e-ffff-ffff00000023","element-6066-11e4-a52e-4f735466cecf":"00000000-0000-040e-ffff-ffff00000023"}}
&amp#27;[38;5;32m[AndroidUiautomator2Driver@e5dc (a2e545ec)]&amp#27;[0m Responding to client with driver.findElement() result: {"element-6066-11e4-a52e-4f735466cecf":"00000000-0000-040e-ffff-ffff00000023","ELEMENT":"00000000-0000-040e-ffff-ffff00000023"}
&amp#27;[38;5;0m[HTTP]&amp#27;[0m &amp#27;[37m<-- POST /session/a2e545ec-4ef1-4cd7-afbb-5fe13f0a38cb/element &amp#27;[39m&amp#27;[32m200&amp#27;[39m &amp#27;[90m71 ms - 137&amp#27;[39m
&amp#27;[38;5;0m[HTTP]&amp#27;[0m &amp#27;[90m&amp#27;[39m
&amp#27;[38;5;0m[HTTP]&amp#27;[0m &amp#27;[37m-->&amp#27;[39m &amp#27;[37mPOST&amp#27;[39m &amp#27;[37m/session/a2e545ec-4ef1-4cd7-afbb-5fe13f0a38cb/element/00000000-0000-040e-ffff-ffff00000023/click&amp#27;[39m
&amp#27;[38;5;0m[HTTP]&amp#27;[0m &amp#27;[90m{"id":"00000000-0000-040e-ffff-ffff00000023"}&amp#27;[39m
&amp#27;[38;5;32m[AndroidUiautomator2Driver@e5dc (a2e545ec)]&amp#27;[0m Calling AppiumDriver.click() with args: ["00000000-0000-040e-ffff-ffff00000023","a2e545ec-4ef1-4cd7-afbb-5fe13f0a38cb"]
&amp#27;[38;5;32m[AndroidUiautomator2Driver@e5dc (a2e545ec)]&amp#27;[0m Matched '/element/00000000-0000-040e-ffff-ffff00000023/click' to command name 'click'
&amp#27;[38;5;32m[AndroidUiautomator2Driver@e5dc (a2e545ec)]&amp#27;[0m Proxying [POST /element/00000000-0000-040e-ffff-ffff00000023/click] to [POST http://127.0.0.1:8200/session/5bd4c1b2-5b72-40fc-b1c9-12ff95f848d2/element/00000000-0000-040e-ffff-ffff00000023/click] with body: {"element":"00000000-0000-040e-ffff-ffff00000023"}
&amp#27;[38;5;32m[AndroidUiautomator2Driver@e5dc (a2e545ec)]&amp#27;[0m Got response with status 200: {"sessionId":"5bd4c1b2-5b72-40fc-b1c9-12ff95f848d2","value":null}
&amp#27;[38;5;32m[AndroidUiautomator2Driver@e5dc (a2e545ec)]&amp#27;[0m Responding to client with driver.click() result: null
&amp#27;[38;5;0m[HTTP]&amp#27;[0m &amp#27;[37m<-- POST /session/a2e545ec-4ef1-4cd7-afbb-5fe13f0a38cb/element/00000000-0000-040e-ffff-ffff00000023/click &amp#27;[39m&amp#27;[32m200&amp#27;[39m &amp#27;[90m441 ms - 14&amp#27;[39m
&amp#27;[38;5;0m[HTTP]&amp#27;[0m &amp#27;[90m&amp#27;[39m
&amp#27;[38;5;0m[HTTP]&amp#27;[0m &amp#27;[37m-->&amp#27;[39m &amp#27;[37mPOST&amp#27;[39m &amp#27;[37m/session/a2e545ec-4ef1-4cd7-afbb-5fe13f0a38cb/element&amp#27;[39m
&amp#27;[38;5;0m[HTTP]&amp#27;[0m &amp#27;[90m{"value":"new UiScrollable(new UiSelector()).scrollIntoView(text(\"Argentina\"));","using":"-android uiautomator"}&amp#27;[39m
&amp#27;[38;5;32m[AndroidUiautomator2Driver@e5dc (a2e545ec)]&amp#27;[0m Calling AppiumDriver.findElement() with args: ["-android uiautomator","new UiScrollable(new UiSelector()).scrollIntoView(text(\"Argentina\"));","a2e545ec-4ef1-4cd7-afbb-5fe13f0a38cb"]
&amp#27;[38;5;32m[AndroidUiautomator2Driver@e5dc (a2e545ec)]&amp#27;[0m Valid locator strategies for this request: xpath, id, class name, accessibility id, css selector, -android uiautomator
&amp#27;[38;5;32m[AndroidUiautomator2Driver@e5dc (a2e545ec)]&amp#27;[0m Waiting up to 10000 ms for condition
&amp#27;[38;5;32m[AndroidUiautomator2Driver@e5dc (a2e545ec)]&amp#27;[0m Matched '/element' to command name 'findElement'
&amp#27;[38;5;32m[AndroidUiautomator2Driver@e5dc (a2e545ec)]&amp#27;[0m Proxying [POST /element] to [POST http://127.0.0.1:8200/session/5bd4c1b2-5b72-40fc-b1c9-12ff95f848d2/element] with body: {"strategy":"-android uiautomator","selector":"new UiScrollable(new UiSelector()).scrollIntoView(text(\"Argentina\"));","context":"","multiple":false}
&amp#27;[38;5;32m[AndroidUiautomator2Driver@e5dc (a2e545ec)]&amp#27;[0m Got response with status 200: {"sessionId":"5bd4c1b2-5b72-40fc-b1c9-12ff95f848d2","value":{"ELEMENT":"00000000-0000-040f-ffff-ffff00000029","element-6066-11e4-a52e-4f735466cecf":"00000000-0000-040f-ffff-ffff00000029"}}
&amp#27;[38;5;32m[AndroidUiautomator2Driver@e5dc (a2e545ec)]&amp#27;[0m Responding to client with driver.findElement() result: {"element-6066-11e4-a52e-4f735466cecf":"00000000-0000-040f-ffff-ffff00000029","ELEMENT":"00000000-0000-040f-ffff-ffff00000029"}
&amp#27;[38;5;0m[HTTP]&amp#27;[0m &amp#27;[37m<-- POST /session/a2e545ec-4ef1-4cd7-afbb-5fe13f0a38cb/element &amp#27;[39m&amp#27;[32m200&amp#27;[39m &amp#27;[90m5190 ms - 137&amp#27;[39m
&amp#27;[38;5;0m[HTTP]&amp#27;[0m &amp#27;[90m&amp#27;[39m
&amp#27;[38;5;0m[HTTP]&amp#27;[0m &amp#27;[37m-->&amp#27;[39m &amp#27;[37mPOST&amp#27;[39m &amp#27;[37m/session/a2e545ec-4ef1-4cd7-afbb-5fe13f0a38cb/element&amp#27;[39m
&amp#27;[38;5;0m[HTTP]&amp#27;[0m &amp#27;[90m{"value":"//android.widget.TextView[@text='Argentina']","using":"xpath"}&amp#27;[39m
&amp#27;[38;5;32m[AndroidUiautomator2Driver@e5dc (a2e545ec)]&amp#27;[0m Calling AppiumDriver.findElement() with args: ["xpath","//android.widget.TextView[@text='Argentina']","a2e545ec-4ef1-4cd7-afbb-5fe13f0a38cb"]
&amp#27;[38;5;32m[AndroidUiautomator2Driver@e5dc (a2e545ec)]&amp#27;[0m Valid locator strategies for this request: xpath, id, class name, accessibility id, css selector, -android uiautomator
&amp#27;[38;5;32m[AndroidUiautomator2Driver@e5dc (a2e545ec)]&amp#27;[0m Waiting up to 10000 ms for condition
&amp#27;[38;5;32m[AndroidUiautomator2Driver@e5dc (a2e545ec)]&amp#27;[0m Matched '/element' to command name 'findElement'
&amp#27;[38;5;32m[AndroidUiautomator2Driver@e5dc (a2e545ec)]&amp#27;[0m Proxying [POST /element] to [POST http://127.0.0.1:8200/session/5bd4c1b2-5b72-40fc-b1c9-12ff95f848d2/element] with body: {"strategy":"xpath","selector":"//android.widget.TextView[@text='Argentina']","context":"","multiple":false}
&amp#27;[38;5;32m[AndroidUiautomator2Driver@e5dc (a2e545ec)]&amp#27;[0m Got response with status 200: {"sessionId":"5bd4c1b2-5b72-40fc-b1c9-12ff95f848d2","value":{"ELEMENT":"00000000-0000-040f-ffff-ffff00000029","element-6066-11e4-a52e-4f735466cecf":"00000000-0000-040f-ffff-ffff00000029"}}
&amp#27;[38;5;32m[AndroidUiautomator2Driver@e5dc (a2e545ec)]&amp#27;[0m Responding to client with driver.findElement() result: {"element-6066-11e4-a52e-4f735466cecf":"00000000-0000-040f-ffff-ffff00000029","ELEMENT":"00000000-0000-040f-ffff-ffff00000029"}
&amp#27;[38;5;0m[HTTP]&amp#27;[0m &amp#27;[37m<-- POST /session/a2e545ec-4ef1-4cd7-afbb-5fe13f0a38cb/element &amp#27;[39m&amp#27;[32m200&amp#27;[39m &amp#27;[90m29 ms - 137&amp#27;[39m
&amp#27;[38;5;0m[HTTP]&amp#27;[0m &amp#27;[90m&amp#27;[39m
&amp#27;[38;5;0m[HTTP]&amp#27;[0m &amp#27;[37m-->&amp#27;[39m &amp#27;[37mPOST&amp#27;[39m &amp#27;[37m/session/a2e545ec-4ef1-4cd7-afbb-5fe13f0a38cb/element/00000000-0000-040f-ffff-ffff00000029/click&amp#27;[39m
&amp#27;[38;5;0m[HTTP]&amp#27;[0m &amp#27;[90m{"id":"00000000-0000-040f-ffff-ffff00000029"}&amp#27;[39m
&amp#27;[38;5;32m[AndroidUiautomator2Driver@e5dc (a2e545ec)]&amp#27;[0m Calling AppiumDriver.click() with args: ["00000000-0000-040f-ffff-ffff00000029","a2e545ec-4ef1-4cd7-afbb-5fe13f0a38cb"]
&amp#27;[38;5;32m[AndroidUiautomator2Driver@e5dc (a2e545ec)]&amp#27;[0m Matched '/element/00000000-0000-040f-ffff-ffff00000029/click' to command name 'click'
&amp#27;[38;5;32m[AndroidUiautomator2Driver@e5dc (a2e545ec)]&amp#27;[0m Proxying [POST /element/00000000-0000-040f-ffff-ffff00000029/click] to [POST http://127.0.0.1:8200/session/5bd4c1b2-5b72-40fc-b1c9-12ff95f848d2/element/00000000-0000-040f-ffff-ffff00000029/click] with body: {"element":"00000000-0000-040f-ffff-ffff00000029"}
&amp#27;[38;5;32m[AndroidUiautomator2Driver@e5dc (a2e545ec)]&amp#27;[0m Got response with status 200: {"sessionId":"5bd4c1b2-5b72-40fc-b1c9-12ff95f848d2","value":null}
&amp#27;[38;5;32m[AndroidUiautomator2Driver@e5dc (a2e545ec)]&amp#27;[0m Responding to client with driver.click() result: null
&amp#27;[38;5;0m[HTTP]&amp#27;[0m &amp#27;[37m<-- POST /session/a2e545ec-4ef1-4cd7-afbb-5fe13f0a38cb/element/00000000-0000-040f-ffff-ffff00000029/click &amp#27;[39m&amp#27;[32m200&amp#27;[39m &amp#27;[90m670 ms - 14&amp#27;[39m
&amp#27;[38;5;0m[HTTP]&amp#27;[0m &amp#27;[90m&amp#27;[39m
&amp#27;[38;5;0m[HTTP]&amp#27;[0m &amp#27;[37m-->&amp#27;[39m &amp#27;[37mPOST&amp#27;[39m &amp#27;[37m/session/a2e545ec-4ef1-4cd7-afbb-5fe13f0a38cb/element&amp#27;[39m
&amp#27;[38;5;0m[HTTP]&amp#27;[0m &amp#27;[90m{"value":"com.androidsample.generalstore:id/btnLetsShop","using":"id"}&amp#27;[39m
&amp#27;[38;5;32m[AndroidUiautomator2Driver@e5dc (a2e545ec)]&amp#27;[0m Calling AppiumDriver.findElement() with args: ["id","com.androidsample.generalstore:id/btnLetsShop","a2e545ec-4ef1-4cd7-afbb-5fe13f0a38cb"]
&amp#27;[38;5;32m[AndroidUiautomator2Driver@e5dc (a2e545ec)]&amp#27;[0m Valid locator strategies for this request: xpath, id, class name, accessibility id, css selector, -android uiautomator
&amp#27;[38;5;32m[AndroidUiautomator2Driver@e5dc (a2e545ec)]&amp#27;[0m Waiting up to 10000 ms for condition
&amp#27;[38;5;32m[AndroidUiautomator2Driver@e5dc (a2e545ec)]&amp#27;[0m Matched '/element' to command name 'findElement'
&amp#27;[38;5;32m[AndroidUiautomator2Driver@e5dc (a2e545ec)]&amp#27;[0m Proxying [POST /element] to [POST http://127.0.0.1:8200/session/5bd4c1b2-5b72-40fc-b1c9-12ff95f848d2/element] with body: {"strategy":"id","selector":"com.androidsample.generalstore:id/btnLetsShop","context":"","multiple":false}
&amp#27;[38;5;32m[AndroidUiautomator2Driver@e5dc (a2e545ec)]&amp#27;[0m Got response with status 200: {"sessionId":"5bd4c1b2-5b72-40fc-b1c9-12ff95f848d2","value":{"ELEMENT":"00000000-0000-040e-ffff-ffff00000021","element-6066-11e4-a52e-4f735466cecf":"00000000-0000-040e-ffff-ffff00000021"}}
&amp#27;[38;5;32m[AndroidUiautomator2Driver@e5dc (a2e545ec)]&amp#27;[0m Responding to client with driver.findElement() result: {"element-6066-11e4-a52e-4f735466cecf":"00000000-0000-040e-ffff-ffff00000021","ELEMENT":"00000000-0000-040e-ffff-ffff00000021"}
&amp#27;[38;5;0m[HTTP]&amp#27;[0m &amp#27;[37m<-- POST /session/a2e545ec-4ef1-4cd7-afbb-5fe13f0a38cb/element &amp#27;[39m&amp#27;[32m200&amp#27;[39m &amp#27;[90m19 ms - 137&amp#27;[39m
&amp#27;[38;5;0m[HTTP]&amp#27;[0m &amp#27;[90m&amp#27;[39m
&amp#27;[38;5;0m[HTTP]&amp#27;[0m &amp#27;[37m-->&amp#27;[39m &amp#27;[37mPOST&amp#27;[39m &amp#27;[37m/session/a2e545ec-4ef1-4cd7-afbb-5fe13f0a38cb/element/00000000-0000-040e-ffff-ffff00000021/click&amp#27;[39m
&amp#27;[38;5;0m[HTTP]&amp#27;[0m &amp#27;[90m{"id":"00000000-0000-040e-ffff-ffff00000021"}&amp#27;[39m
&amp#27;[38;5;32m[AndroidUiautomator2Driver@e5dc (a2e545ec)]&amp#27;[0m Calling AppiumDriver.click() with args: ["00000000-0000-040e-ffff-ffff00000021","a2e545ec-4ef1-4cd7-afbb-5fe13f0a38cb"]
&amp#27;[38;5;32m[AndroidUiautomator2Driver@e5dc (a2e545ec)]&amp#27;[0m Matched '/element/00000000-0000-040e-ffff-ffff00000021/click' to command name 'click'
&amp#27;[38;5;32m[AndroidUiautomator2Driver@e5dc (a2e545ec)]&amp#27;[0m Proxying [POST /element/00000000-0000-040e-ffff-ffff00000021/click] to [POST http://127.0.0.1:8200/session/5bd4c1b2-5b72-40fc-b1c9-12ff95f848d2/element/00000000-0000-040e-ffff-ffff00000021/click] with body: {"element":"00000000-0000-040e-ffff-ffff00000021"}
&amp#27;[38;5;32m[AndroidUiautomator2Driver@e5dc (a2e545ec)]&amp#27;[0m Got response with status 200: {"sessionId":"5bd4c1b2-5b72-40fc-b1c9-12ff95f848d2","value":null}
&amp#27;[38;5;32m[AndroidUiautomator2Driver@e5dc (a2e545ec)]&amp#27;[0m Responding to client with driver.click() result: null
&amp#27;[38;5;0m[HTTP]&amp#27;[0m &amp#27;[37m<-- POST /session/a2e545ec-4ef1-4cd7-afbb-5fe13f0a38cb/element/00000000-0000-040e-ffff-ffff00000021/click &amp#27;[39m&amp#27;[32m200&amp#27;[39m &amp#27;[90m56 ms - 14&amp#27;[39m
&amp#27;[38;5;0m[HTTP]&amp#27;[0m &amp#27;[90m&amp#27;[39m
&amp#27;[38;5;0m[HTTP]&amp#27;[0m &amp#27;[37m-->&amp#27;[39m &amp#27;[37mPOST&amp#27;[39m &amp#27;[37m/session/a2e545ec-4ef1-4cd7-afbb-5fe13f0a38cb/element&amp#27;[39m
&amp#27;[38;5;0m[HTTP]&amp#27;[0m &amp#27;[90m{"value":"(//android.widget.Toast)[1]","using":"xpath"}&amp#27;[39m
&amp#27;[38;5;32m[AndroidUiautomator2Driver@e5dc (a2e545ec)]&amp#27;[0m Calling AppiumDriver.findElement() with args: ["xpath","(//android.widget.Toast)[1]","a2e545ec-4ef1-4cd7-afbb-5fe13f0a38cb"]
&amp#27;[38;5;32m[AndroidUiautomator2Driver@e5dc (a2e545ec)]&amp#27;[0m Valid locator strategies for this request: xpath, id, class name, accessibility id, css selector, -android uiautomator
&amp#27;[38;5;32m[AndroidUiautomator2Driver@e5dc (a2e545ec)]&amp#27;[0m Waiting up to 10000 ms for condition
&amp#27;[38;5;32m[AndroidUiautomator2Driver@e5dc (a2e545ec)]&amp#27;[0m Matched '/element' to command name 'findElement'
&amp#27;[38;5;32m[AndroidUiautomator2Driver@e5dc (a2e545ec)]&amp#27;[0m Proxying [POST /element] to [POST http://127.0.0.1:8200/session/5bd4c1b2-5b72-40fc-b1c9-12ff95f848d2/element] with body: {"strategy":"xpath","selector":"(//android.widget.Toast)[1]","context":"","multiple":false}
&amp#27;[38;5;32m[AndroidUiautomator2Driver@e5dc (a2e545ec)]&amp#27;[0m Got response with status 200: {"sessionId":"5bd4c1b2-5b72-40fc-b1c9-12ff95f848d2","value":{"ELEMENT":"c694c452-b876-4870-abf2-02c2bc8a14cc","element-6066-11e4-a52e-4f735466cecf":"c694c452-b876-4870-abf2-02c2bc8a14cc"}}
&amp#27;[38;5;32m[AndroidUiautomator2Driver@e5dc (a2e545ec)]&amp#27;[0m Responding to client with driver.findElement() result: {"element-6066-11e4-a52e-4f735466cecf":"c694c452-b876-4870-abf2-02c2bc8a14cc","ELEMENT":"c694c452-b876-4870-abf2-02c2bc8a14cc"}
&amp#27;[38;5;0m[HTTP]&amp#27;[0m &amp#27;[37m<-- POST /session/a2e545ec-4ef1-4cd7-afbb-5fe13f0a38cb/element &amp#27;[39m&amp#27;[32m200&amp#27;[39m &amp#27;[90m519 ms - 137&amp#27;[39m
&amp#27;[38;5;0m[HTTP]&amp#27;[0m &amp#27;[90m&amp#27;[39m
&amp#27;[38;5;0m[HTTP]&amp#27;[0m &amp#27;[37m-->&amp#27;[39m &amp#27;[37mGET&amp#27;[39m &amp#27;[37m/session/a2e545ec-4ef1-4cd7-afbb-5fe13f0a38cb/element/c694c452-b876-4870-abf2-02c2bc8a14cc/attribute/name&amp#27;[39m
&amp#27;[38;5;0m[HTTP]&amp#27;[0m &amp#27;[90m{}&amp#27;[39m
&amp#27;[38;5;32m[AndroidUiautomator2Driver@e5dc (a2e545ec)]&amp#27;[0m Calling AppiumDriver.getAttribute() with args: ["name","c694c452-b876-4870-abf2-02c2bc8a14cc","a2e545ec-4ef1-4cd7-afbb-5fe13f0a38cb"]
&amp#27;[38;5;32m[AndroidUiautomator2Driver@e5dc (a2e545ec)]&amp#27;[0m Matched '/element/c694c452-b876-4870-abf2-02c2bc8a14cc/attribute/name' to command name 'getAttribute'
&amp#27;[38;5;32m[AndroidUiautomator2Driver@e5dc (a2e545ec)]&amp#27;[0m Proxying [GET /element/c694c452-b876-4870-abf2-02c2bc8a14cc/attribute/name] to [GET http://127.0.0.1:8200/session/5bd4c1b2-5b72-40fc-b1c9-12ff95f848d2/element/c694c452-b876-4870-abf2-02c2bc8a14cc/attribute/name] with no body
&amp#27;[38;5;32m[AndroidUiautomator2Driver@e5dc (a2e545ec)]&amp#27;[0m Got response with status 200: {"sessionId":"5bd4c1b2-5b72-40fc-b1c9-12ff95f848d2","value":"Please enter your name"}
&amp#27;[38;5;32m[AndroidUiautomator2Driver@e5dc (a2e545ec)]&amp#27;[0m Responding to client with driver.getAttribute() result: "Please enter your name"
&amp#27;[38;5;0m[HTTP]&amp#27;[0m &amp#27;[37m<-- GET /session/a2e545ec-4ef1-4cd7-afbb-5fe13f0a38cb/element/c694c452-b876-4870-abf2-02c2bc8a14cc/attribute/name &amp#27;[39m&amp#27;[32m200&amp#27;[39m &amp#27;[90m22 ms - 34&amp#27;[39m
&amp#27;[38;5;0m[HTTP]&amp#27;[0m &amp#27;[90m&amp#27;[39m
]]></system-out>
    <system-err><![CDATA[SLF4J(W): No SLF4J providers were found.
SLF4J(W): Defaulting to no-operation (NOP) logger implementation
SLF4J(W): See https://www.slf4j.org/codes.html#noProviders for further details.
]]></system-err>
  </testcase>
</testsuite>