<?xml version="1.0" encoding="UTF-8"?>
<testng-results ignored="0" total="1" passed="1" failed="0" skipped="0">
  <reporter-output>
  </reporter-output>
  <suite started-at="2024-05-09T11:17:10 EDT" name="Suite" finished-at="2024-05-09T11:17:30 EDT" duration-ms="20786">
    <groups>
    </groups>
    <test started-at="2024-05-09T11:17:10 EDT" name="End to end Framework Test" finished-at="2024-05-09T11:17:30 EDT" duration-ms="20786">
      <class name="org.rahulshettyacademy.eCommerce_tc_cloud">
        <test-method is-config="true" signature="ConfigureAppium()[pri:0, instance:org.rahulshettyacademy.eCommerce_tc_cloud@6e1f8469]" started-at="2024-05-09T11:17:10 EDT" name="ConfigureAppium" finished-at="2024-05-09T11:17:16 EDT" duration-ms="6596" status="PASS">
          <reporter-output>
          </reporter-output>
        </test-method> <!-- ConfigureAppium -->
        <test-method signature="FillForm_ErrorValidation()[pri:0, instance:org.rahulshettyacademy.eCommerce_tc_cloud@6e1f8469]" started-at="2024-05-09T11:17:16 EDT" name="FillForm_ErrorValidation" finished-at="2024-05-09T11:17:27 EDT" duration-ms="10687" status="PASS">
          <reporter-output>
          </reporter-output>
        </test-method> <!-- FillForm_ErrorValidation -->
        <test-method is-config="true" signature="tearDown()[pri:0, instance:org.rahulshettyacademy.eCommerce_tc_cloud@6e1f8469]" started-at="2024-05-09T11:17:27 EDT" name="tearDown" finished-at="2024-05-09T11:17:30 EDT" duration-ms="3458" status="PASS">
          <reporter-output>
          </reporter-output>
        </test-method> <!-- tearDown -->
      </class> <!-- org.rahulshettyacademy.eCommerce_tc_cloud -->
    </test> <!-- End to end Framework Test -->
  </suite> <!-- Suite -->
</testng-results>
