<?xml version="1.0" encoding="UTF-8"?>
<!-- Generated by org.testng.reporters.JUnitXMLReporter -->
<testsuite ignored="0" hostname="Leelas-MacBook-Pro.local" failures="0" tests="3" name="Default test" time="4.955" errors="0" timestamp="2024-05-21T23:30:11 EDT">
  <testcase classname="serializationAndDeserialization.demo1GETandPOSTWithSerializationandDeserialization" name="testPUTwithSerialization" time="2.529"/>
  <testcase classname="serializationAndDeserialization.demo1GETandPOSTWithSerializationandDeserialization" name="testGetwithDeSerialization" time="1.173"/>
  <testcase classname="serializationAndDeserialization.demo1GETandPOSTWithSerializationandDeserialization" name="testDelete" time="1.209"/>
</testsuite> <!-- Default test -->
