<?xml version="1.0" encoding="UTF-8"?>
<!-- Generated by org.testng.reporters.JUnitXMLReporter -->
<testsuite ignored="0" hostname="Leelas-MacBook-Pro.local" failures="0" tests="3" name="Default test" time="4.033" errors="0" timestamp="2024-06-03T21:41:34 EDT">
  <testcase classname="restsssuredTests.Demo3_PUT_Request" name="postData" time="2.334"/>
  <testcase classname="restsssuredTests.Demo3_PUT_Request" name="putData" time="1.199"/>
  <testcase classname="restsssuredTests.Demo3_PUT_Request" name="deleteRecord" time="0.449"/>
</testsuite> <!-- Default test -->
