<?xml version="1.0" encoding="UTF-8"?>
<testng-results ignored="0" total="3" passed="3" failed="0" skipped="0">
  <reporter-output>
  </reporter-output>
  <suite started-at="2024-05-20T01:05:49 EDT" name="Default suite" finished-at="2024-05-20T01:05:53 EDT" duration-ms="3697">
    <groups>
    </groups>
    <test started-at="2024-05-20T01:05:49 EDT" name="Default test" finished-at="2024-05-20T01:05:53 EDT" duration-ms="3697">
      <class name="restsssuredTests.Demo3_PUT_Request">
        <test-method signature="postData()[pri:1, instance:restsssuredTests.Demo3_PUT_Request@27462a88]" started-at="2024-05-20T01:05:49 EDT" name="postData" finished-at="2024-05-20T01:05:51 EDT" duration-ms="1919" status="PASS">
          <reporter-output>
          </reporter-output>
        </test-method> <!-- postData -->
        <test-method signature="putData()[pri:1, instance:restsssuredTests.Demo3_PUT_Request@27462a88]" started-at="2024-05-20T01:05:51 EDT" name="putData" finished-at="2024-05-20T01:05:53 EDT" depends-on-methods="restsssuredTests.Demo3_PUT_Request.postData" duration-ms="1279" status="PASS">
          <reporter-output>
          </reporter-output>
        </test-method> <!-- putData -->
        <test-method signature="deleteRecord()[pri:3, instance:restsssuredTests.Demo3_PUT_Request@27462a88]" started-at="2024-05-20T01:05:53 EDT" name="deleteRecord" finished-at="2024-05-20T01:05:53 EDT" duration-ms="451" status="PASS">
          <reporter-output>
          </reporter-output>
        </test-method> <!-- deleteRecord -->
      </class> <!-- restsssuredTests.Demo3_PUT_Request -->
    </test> <!-- Default test -->
  </suite> <!-- Default suite -->
</testng-results>
