<?xml version="1.0" encoding="UTF-8"?>
<testng-results ignored="0" total="3" passed="3" failed="0" skipped="0">
  <reporter-output>
  </reporter-output>
  <suite started-at="2024-06-03T21:41:30 EDT" name="Default suite" finished-at="2024-06-03T21:41:34 EDT" duration-ms="4033">
    <groups>
    </groups>
    <test started-at="2024-06-03T21:41:30 EDT" name="Default test" finished-at="2024-06-03T21:41:34 EDT" duration-ms="4033">
      <class name="restsssuredTests.Demo3_PUT_Request">
        <test-method signature="postData()[pri:1, instance:restsssuredTests.Demo3_PUT_Request@428640fa]" started-at="2024-06-03T21:41:30 EDT" name="postData" finished-at="2024-06-03T21:41:33 EDT" duration-ms="2334" status="PASS">
          <reporter-output>
          </reporter-output>
        </test-method> <!-- postData -->
        <test-method signature="putData()[pri:1, instance:restsssuredTests.Demo3_PUT_Request@428640fa]" started-at="2024-06-03T21:41:33 EDT" name="putData" finished-at="2024-06-03T21:41:34 EDT" depends-on-methods="restsssuredTests.Demo3_PUT_Request.postData" duration-ms="1199" status="PASS">
          <reporter-output>
          </reporter-output>
        </test-method> <!-- putData -->
        <test-method signature="deleteRecord()[pri:3, instance:restsssuredTests.Demo3_PUT_Request@428640fa]" started-at="2024-06-03T21:41:34 EDT" name="deleteRecord" finished-at="2024-06-03T21:41:34 EDT" duration-ms="449" status="PASS">
          <reporter-output>
          </reporter-output>
        </test-method> <!-- deleteRecord -->
      </class> <!-- restsssuredTests.Demo3_PUT_Request -->
    </test> <!-- Default test -->
  </suite> <!-- Default suite -->
</testng-results>
