<?xml version="1.0" encoding="UTF-8"?>
<testng-results ignored="0" total="1" passed="1" failed="0" skipped="0">
  <reporter-output>
  </reporter-output>
  <suite started-at="2024-05-28T00:48:57 EDT" name="Default suite" finished-at="2024-05-28T00:49:36 EDT" duration-ms="38459">
    <groups>
    </groups>
    <test started-at="2024-05-28T00:48:57 EDT" name="Default test" finished-at="2024-05-28T00:49:36 EDT" duration-ms="38459">
      <class name="appiumwithandroid.appium.GS_TC_4_Hybrid">
        <test-method is-config="true" signature="ConfigureAppium()[pri:0, instance:appiumwithandroid.appium.GS_TC_4_Hybrid@11392934]" started-at="2024-05-28T00:48:57 EDT" name="ConfigureAppium" finished-at="2024-05-28T00:49:03 EDT" duration-ms="5255" status="PASS">
          <reporter-output>
          </reporter-output>
        </test-method> <!-- ConfigureAppium -->
        <test-method signature="SearchProductandAddtoCartandValidate()[pri:0, instance:appiumwithandroid.appium.GS_TC_4_Hybrid@11392934]" started-at="2024-05-28T00:49:03 EDT" name="SearchProductandAddtoCartandValidate" finished-at="2024-05-28T00:49:32 EDT" duration-ms="29679" status="PASS">
          <reporter-output>
          </reporter-output>
        </test-method> <!-- SearchProductandAddtoCartandValidate -->
        <test-method is-config="true" signature="tearDown()[pri:0, instance:appiumwithandroid.appium.GS_TC_4_Hybrid@11392934]" started-at="2024-05-28T00:49:32 EDT" name="tearDown" finished-at="2024-05-28T00:49:36 EDT" duration-ms="3492" status="PASS">
          <reporter-output>
          </reporter-output>
        </test-method> <!-- tearDown -->
      </class> <!-- appiumwithandroid.appium.GS_TC_4_Hybrid -->
    </test> <!-- Default test -->
  </suite> <!-- Default suite -->
</testng-results>
