<?xml version="1.0" encoding="UTF-8"?>
<testng-results ignored="0" total="1" passed="1" failed="0" skipped="0">
  <reporter-output>
  </reporter-output>
  <suite started-at="2024-05-30T21:38:50 EDT" name="Default suite" finished-at="2024-05-30T21:42:28 EDT" duration-ms="218720">
    <groups>
    </groups>
    <test started-at="2024-05-30T21:38:50 EDT" name="Default test" finished-at="2024-05-30T21:42:28 EDT" duration-ms="218720">
      <class name="appiumwithandroid.appium.ScrollDemo">
        <test-method is-config="true" signature="ConfigureAppium()[pri:0, instance:appiumwithandroid.appium.ScrollDemo@6d4d66d2]" started-at="2024-05-30T21:38:50 EDT" name="ConfigureAppium" finished-at="2024-05-30T21:38:54 EDT" duration-ms="4926" status="PASS">
          <reporter-output>
          </reporter-output>
        </test-method> <!-- ConfigureAppium -->
        <test-method signature="ScrollGesture()[pri:0, instance:appiumwithandroid.appium.ScrollDemo@6d4d66d2]" started-at="2024-05-30T21:38:54 EDT" name="ScrollGesture" finished-at="2024-05-30T21:42:25 EDT" duration-ms="210280" status="PASS">
          <reporter-output>
          </reporter-output>
        </test-method> <!-- ScrollGesture -->
        <test-method is-config="true" signature="tearDown()[pri:0, instance:appiumwithandroid.appium.ScrollDemo@6d4d66d2]" started-at="2024-05-30T21:42:25 EDT" name="tearDown" finished-at="2024-05-30T21:42:28 EDT" duration-ms="3477" status="PASS">
          <reporter-output>
          </reporter-output>
        </test-method> <!-- tearDown -->
      </class> <!-- appiumwithandroid.appium.ScrollDemo -->
    </test> <!-- Default test -->
  </suite> <!-- Default suite -->
</testng-results>
