<?xml version="1.0" encoding="UTF-8"?>
<testng-results ignored="0" total="1" passed="1" failed="0" skipped="0">
  <reporter-output>
  </reporter-output>
  <suite started-at="2024-05-30T20:26:32 EDT" name="Default suite" finished-at="2024-05-30T20:26:50 EDT" duration-ms="17598">
    <groups>
    </groups>
    <test started-at="2024-05-30T20:26:32 EDT" name="Default test" finished-at="2024-05-30T20:26:50 EDT" duration-ms="17598">
      <class name="org.leelasan.appiumframework.IOSBasics">
        <test-method is-config="true" signature="ConfigureAppium()[pri:0, instance:org.leelasan.appiumframework.IOSBasics@3e27aa33]" started-at="2024-05-30T20:26:32 EDT" name="ConfigureAppium" finished-at="2024-05-30T20:26:40 EDT" duration-ms="7316" status="PASS">
          <reporter-output>
          </reporter-output>
        </test-method> <!-- ConfigureAppium -->
        <test-method signature="IOSBasicsTest()[pri:0, instance:org.leelasan.appiumframework.IOSBasics@3e27aa33]" started-at="2024-05-30T20:26:40 EDT" name="IOSBasicsTest" finished-at="2024-05-30T20:26:44 EDT" duration-ms="4305" status="PASS">
          <reporter-output>
          </reporter-output>
        </test-method> <!-- IOSBasicsTest -->
        <test-method is-config="true" signature="tearDown()[pri:0, instance:org.leelasan.appiumframework.IOSBasics@3e27aa33]" started-at="2024-05-30T20:26:44 EDT" name="tearDown" finished-at="2024-05-30T20:26:50 EDT" duration-ms="5937" status="PASS">
          <reporter-output>
          </reporter-output>
        </test-method> <!-- tearDown -->
      </class> <!-- org.leelasan.appiumframework.IOSBasics -->
    </test> <!-- Default test -->
  </suite> <!-- Default suite -->
</testng-results>
